2023-08-06 08:38:01.222945 - Initialized conversion of CBT947
2023-08-06 08:38:01.876817 - Received CBT.V505.FILE947.PDS from FILE947.XMI 
2023-08-06 08:38:01.879286 - Found $$$#DATE.txt (text/plain) in CBT.V505.FILE947.PDS, moved to PDS/$$$#DATE
2023-08-06 08:38:01.880251 - Found @FILE947.txt (text/plain) in CBT.V505.FILE947.PDS, moved to PDS/@FILE947
2023-08-06 08:38:01.881324 - Found E001A00I.txt (text/plain) in CBT.V505.FILE947.PDS, moved to PDS/E001A00I
2023-08-06 08:38:01.881335 - Found E001A01.bin containing application/octet-stream, moved to PDS/E001A01
2023-08-06 08:38:01.883249 - Found E001A02.txt (text/plain) in CBT.V505.FILE947.PDS, moved to PDS/E001A02
2023-08-06 08:38:01.884217 - Found E001A03.txt (text/plain) in CBT.V505.FILE947.PDS, moved to PDS/E001A03
2023-08-06 08:38:01.885167 - Found E001A04.txt (text/plain) in CBT.V505.FILE947.PDS, moved to PDS/E001A04
2023-08-06 08:38:01.886132 - Found E001A05.txt (text/plain) in CBT.V505.FILE947.PDS, moved to PDS/E001A05
2023-08-06 08:38:01.887128 - Found E001A06.txt (text/plain) in CBT.V505.FILE947.PDS, moved to PDS/E001A06
2023-08-06 08:38:01.888199 - Found E001A07.txt (text/plain) in CBT.V505.FILE947.PDS, moved to PDS/E001A07
2023-08-06 08:38:01.889312 - Found E001A08.txt (text/plain) in CBT.V505.FILE947.PDS, moved to PDS/E001A08
2023-08-06 08:38:01.890406 - Found E001A09.txt (text/plain) in CBT.V505.FILE947.PDS, moved to PDS/E001A09
2023-08-06 08:38:01.891517 - Found E002A00I.txt (text/plain) in CBT.V505.FILE947.PDS, moved to PDS/E002A00I
2023-08-06 08:38:01.892612 - Found E002A01.txt (text/plain) in CBT.V505.FILE947.PDS, moved to PDS/E002A01
2023-08-06 08:38:01.893670 - Found E002A02.txt (text/plain) in CBT.V505.FILE947.PDS, moved to PDS/E002A02
2023-08-06 08:38:01.894690 - Found E002A03.txt (text/plain) in CBT.V505.FILE947.PDS, moved to PDS/E002A03
2023-08-06 08:38:01.895883 - Found E002A04.txt (text/plain) in CBT.V505.FILE947.PDS, moved to PDS/E002A04
2023-08-06 08:38:01.897055 - Found E002A05.txt (text/plain) in CBT.V505.FILE947.PDS, moved to PDS/E002A05
2023-08-06 08:38:01.898132 - Found E002A06.txt (text/plain) in CBT.V505.FILE947.PDS, moved to PDS/E002A06
2023-08-06 08:38:01.899232 - Found E002A07.txt (text/plain) in CBT.V505.FILE947.PDS, moved to PDS/E002A07
2023-08-06 08:38:01.900347 - Found E002A08.txt (text/plain) in CBT.V505.FILE947.PDS, moved to PDS/E002A08
2023-08-06 08:38:01.901464 - Found E002A09.txt (text/plain) in CBT.V505.FILE947.PDS, moved to PDS/E002A09
2023-08-06 08:38:01.902427 - Found E002A10.txt (text/plain) in CBT.V505.FILE947.PDS, moved to PDS/E002A10
2023-08-06 08:38:01.903428 - Found E003A00I.txt (text/plain) in CBT.V505.FILE947.PDS, moved to PDS/E003A00I
2023-08-06 08:38:01.904386 - Found E003A01.txt (text/plain) in CBT.V505.FILE947.PDS, moved to PDS/E003A01
2023-08-06 08:38:01.905297 - Found E003A02.txt (text/plain) in CBT.V505.FILE947.PDS, moved to PDS/E003A02
2023-08-06 08:38:01.906285 - Found E003A03.txt (text/plain) in CBT.V505.FILE947.PDS, moved to PDS/E003A03
2023-08-06 08:38:01.907206 - Found E003A04.txt (text/plain) in CBT.V505.FILE947.PDS, moved to PDS/E003A04
2023-08-06 08:38:01.908087 - Found E003A05.txt (text/plain) in CBT.V505.FILE947.PDS, moved to PDS/E003A05
2023-08-06 08:38:01.908986 - Found E003A06.txt (text/plain) in CBT.V505.FILE947.PDS, moved to PDS/E003A06
2023-08-06 08:38:01.909982 - Found E003A07.txt (text/plain) in CBT.V505.FILE947.PDS, moved to PDS/E003A07
2023-08-06 08:38:01.910896 - Found E003A08.txt (text/plain) in CBT.V505.FILE947.PDS, moved to PDS/E003A08
2023-08-06 08:38:01.911884 - Found E003A09.txt (text/plain) in CBT.V505.FILE947.PDS, moved to PDS/E003A09
2023-08-06 08:38:01.912768 - Found E003A10.txt (text/plain) in CBT.V505.FILE947.PDS, moved to PDS/E003A10
2023-08-06 08:38:01.913732 - Found E004A00I.txt (text/plain) in CBT.V505.FILE947.PDS, moved to PDS/E004A00I
2023-08-06 08:38:01.914653 - Found E004A01.txt (text/plain) in CBT.V505.FILE947.PDS, moved to PDS/E004A01
2023-08-06 08:38:01.914662 - Found E004A02.bin containing application/octet-stream, moved to PDS/E004A02
2023-08-06 08:38:01.916613 - Found E004A03.txt (text/plain) in CBT.V505.FILE947.PDS, moved to PDS/E004A03
2023-08-06 08:38:01.917619 - Found E004A04.txt (text/plain) in CBT.V505.FILE947.PDS, moved to PDS/E004A04
2023-08-06 08:38:01.918580 - Found E004A05.txt (text/plain) in CBT.V505.FILE947.PDS, moved to PDS/E004A05
2023-08-06 08:38:01.919467 - Found E004A06.txt (text/plain) in CBT.V505.FILE947.PDS, moved to PDS/E004A06
2023-08-06 08:38:01.920357 - Found E004A07.txt (text/plain) in CBT.V505.FILE947.PDS, moved to PDS/E004A07
2023-08-06 08:38:01.921337 - Found E004A08.txt (text/plain) in CBT.V505.FILE947.PDS, moved to PDS/E004A08
2023-08-06 08:38:01.922265 - Found E005A00I.txt (text/plain) in CBT.V505.FILE947.PDS, moved to PDS/E005A00I
2023-08-06 08:38:01.923193 - Found E005A01.txt (text/plain) in CBT.V505.FILE947.PDS, moved to PDS/E005A01
2023-08-06 08:38:01.924091 - Found E005A02.txt (text/plain) in CBT.V505.FILE947.PDS, moved to PDS/E005A02
2023-08-06 08:38:01.924100 - Found E005A03.bin containing application/octet-stream, moved to PDS/E005A03
2023-08-06 08:38:01.926101 - Found E005A04.txt (text/plain) in CBT.V505.FILE947.PDS, moved to PDS/E005A04
2023-08-06 08:38:01.927008 - Found E005A05.txt (text/plain) in CBT.V505.FILE947.PDS, moved to PDS/E005A05
2023-08-06 08:38:01.928006 - Found E005A06.txt (text/plain) in CBT.V505.FILE947.PDS, moved to PDS/E005A06
2023-08-06 08:38:01.928942 - Found E006A00I.txt (text/plain) in CBT.V505.FILE947.PDS, moved to PDS/E006A00I
2023-08-06 08:38:01.929833 - Found E006A01.txt (text/plain) in CBT.V505.FILE947.PDS, moved to PDS/E006A01
2023-08-06 08:38:01.929842 - Found E006A02.bin containing application/octet-stream, moved to PDS/E006A02
2023-08-06 08:38:01.931780 - Found E006A03.txt (text/plain) in CBT.V505.FILE947.PDS, moved to PDS/E006A03
2023-08-06 08:38:01.932722 - Found E006A04.txt (text/plain) in CBT.V505.FILE947.PDS, moved to PDS/E006A04
2023-08-06 08:38:01.933617 - Found E006A05.txt (text/plain) in CBT.V505.FILE947.PDS, moved to PDS/E006A05
2023-08-06 08:38:01.934769 - Found E006A06.txt (text/plain) in CBT.V505.FILE947.PDS, moved to PDS/E006A06
2023-08-06 08:38:01.935858 - Found E006A07.txt (text/plain) in CBT.V505.FILE947.PDS, moved to PDS/E006A07
2023-08-06 08:38:01.936962 - Found E007A00I.txt (text/plain) in CBT.V505.FILE947.PDS, moved to PDS/E007A00I
2023-08-06 08:38:01.937961 - Found E007A01.txt (text/plain) in CBT.V505.FILE947.PDS, moved to PDS/E007A01
2023-08-06 08:38:01.938921 - Found E007A02.txt (text/plain) in CBT.V505.FILE947.PDS, moved to PDS/E007A02
2023-08-06 08:38:01.939885 - Found E007A03.txt (text/plain) in CBT.V505.FILE947.PDS, moved to PDS/E007A03
2023-08-06 08:38:01.939894 - Found E007A04.bin containing application/octet-stream, moved to PDS/E007A04
2023-08-06 08:38:01.941898 - Found E007A05.txt (text/plain) in CBT.V505.FILE947.PDS, moved to PDS/E007A05
2023-08-06 08:38:01.942748 - Found E007A06.txt (text/plain) in CBT.V505.FILE947.PDS, moved to PDS/E007A06
2023-08-06 08:38:01.943638 - Found E008A00I.txt (text/plain) in CBT.V505.FILE947.PDS, moved to PDS/E008A00I
2023-08-06 08:38:01.944508 - Found E008A01.txt (text/plain) in CBT.V505.FILE947.PDS, moved to PDS/E008A01
2023-08-06 08:38:01.945372 - Found E008A02.txt (text/plain) in CBT.V505.FILE947.PDS, moved to PDS/E008A02
2023-08-06 08:38:01.946364 - Found E008A03.txt (text/plain) in CBT.V505.FILE947.PDS, moved to PDS/E008A03
2023-08-06 08:38:01.947261 - Found E008A04.txt (text/plain) in CBT.V505.FILE947.PDS, moved to PDS/E008A04
2023-08-06 08:38:01.948131 - Found E008A05.txt (text/plain) in CBT.V505.FILE947.PDS, moved to PDS/E008A05
2023-08-06 08:38:01.949302 - Found E008A06.txt (text/plain) in CBT.V505.FILE947.PDS, moved to PDS/E008A06
2023-08-06 08:38:01.950262 - Found E008A07.txt (text/plain) in CBT.V505.FILE947.PDS, moved to PDS/E008A07
2023-08-06 08:38:01.951156 - Found E008A08.txt (text/plain) in CBT.V505.FILE947.PDS, moved to PDS/E008A08
